Start testing: May 04 10:23 UTC
----------------------------------------------------------
1/5 Testing: bubblesort
1/5 Test: bubblesort
Command: "/home/pcsdocker/Data/Es_PCS_26/ESERCITAZIONE5/BUILD_ES5_DEBUG/test_bubblesort"
Directory: /home/pcsdocker/Data/Es_PCS_26/ESERCITAZIONE5/BUILD_ES5_DEBUG
"bubblesort" start time: May 04 10:23 UTC
Output:
----------------------------------------------------------
<end of output>
Test time =  21.70 sec
----------------------------------------------------------
Test Passed.
"bubblesort" end time: May 04 10:23 UTC
"bubblesort" time elapsed: 00:00:21
----------------------------------------------------------

2/5 Testing: insertionsort
2/5 Test: insertionsort
Command: "/home/pcsdocker/Data/Es_PCS_26/ESERCITAZIONE5/BUILD_ES5_DEBUG/test_insertionsort"
Directory: /home/pcsdocker/Data/Es_PCS_26/ESERCITAZIONE5/BUILD_ES5_DEBUG
"insertionsort" start time: May 04 10:23 UTC
Output:
----------------------------------------------------------
<end of output>
Test time =   3.76 sec
----------------------------------------------------------
Test Passed.
"insertionsort" end time: May 04 10:23 UTC
"insertionsort" time elapsed: 00:00:03
----------------------------------------------------------

3/5 Testing: selectionsort
3/5 Test: selectionsort
Command: "/home/pcsdocker/Data/Es_PCS_26/ESERCITAZIONE5/BUILD_ES5_DEBUG/test_selectionsort"
Directory: /home/pcsdocker/Data/Es_PCS_26/ESERCITAZIONE5/BUILD_ES5_DEBUG
"selectionsort" start time: May 04 10:23 UTC
Output:
----------------------------------------------------------
<end of output>
Test time =   4.66 sec
----------------------------------------------------------
Test Passed.
"selectionsort" end time: May 04 10:24 UTC
"selectionsort" time elapsed: 00:00:04
----------------------------------------------------------

4/5 Testing: mergesort
4/5 Test: mergesort
Command: "/home/pcsdocker/Data/Es_PCS_26/ESERCITAZIONE5/BUILD_ES5_DEBUG/test_mergesort"
Directory: /home/pcsdocker/Data/Es_PCS_26/ESERCITAZIONE5/BUILD_ES5_DEBUG
"mergesort" start time: May 04 10:24 UTC
Output:
----------------------------------------------------------
<end of output>
Test time =   0.50 sec
----------------------------------------------------------
Test Passed.
"mergesort" end time: May 04 10:24 UTC
"mergesort" time elapsed: 00:00:00
----------------------------------------------------------

5/5 Testing: quicksort
5/5 Test: quicksort
Command: "/home/pcsdocker/Data/Es_PCS_26/ESERCITAZIONE5/BUILD_ES5_DEBUG/test_quicksort"
Directory: /home/pcsdocker/Data/Es_PCS_26/ESERCITAZIONE5/BUILD_ES5_DEBUG
"quicksort" start time: May 04 10:24 UTC
Output:
----------------------------------------------------------
<end of output>
Test time =   0.28 sec
----------------------------------------------------------
Test Passed.
"quicksort" end time: May 04 10:24 UTC
"quicksort" time elapsed: 00:00:00
----------------------------------------------------------

End testing: May 04 10:24 UTC
