Start testing: May 04 10:20 UTC
----------------------------------------------------------
1/5 Testing: bubblesort
1/5 Test: bubblesort
Command: "/home/pcsdocker/Data/Es_PCS_26/ESERCITAZIONE5/BUILD_ES5_RELEASE/test_bubblesort"
Directory: /home/pcsdocker/Data/Es_PCS_26/ESERCITAZIONE5/BUILD_ES5_RELEASE
"bubblesort" start time: May 04 10:20 UTC
Output:
----------------------------------------------------------
<end of output>
Test time =   7.89 sec
----------------------------------------------------------
Test Passed.
"bubblesort" end time: May 04 10:21 UTC
"bubblesort" time elapsed: 00:00:07
----------------------------------------------------------

2/5 Testing: insertionsort
2/5 Test: insertionsort
Command: "/home/pcsdocker/Data/Es_PCS_26/ESERCITAZIONE5/BUILD_ES5_RELEASE/test_insertionsort"
Directory: /home/pcsdocker/Data/Es_PCS_26/ESERCITAZIONE5/BUILD_ES5_RELEASE
"insertionsort" start time: May 04 10:21 UTC
Output:
----------------------------------------------------------
<end of output>
Test time =   0.51 sec
----------------------------------------------------------
Test Passed.
"insertionsort" end time: May 04 10:21 UTC
"insertionsort" time elapsed: 00:00:00
----------------------------------------------------------

3/5 Testing: selectionsort
3/5 Test: selectionsort
Command: "/home/pcsdocker/Data/Es_PCS_26/ESERCITAZIONE5/BUILD_ES5_RELEASE/test_selectionsort"
Directory: /home/pcsdocker/Data/Es_PCS_26/ESERCITAZIONE5/BUILD_ES5_RELEASE
"selectionsort" start time: May 04 10:21 UTC
Output:
----------------------------------------------------------
<end of output>
Test time =   1.18 sec
----------------------------------------------------------
Test Passed.
"selectionsort" end time: May 04 10:21 UTC
"selectionsort" time elapsed: 00:00:01
----------------------------------------------------------

4/5 Testing: mergesort
4/5 Test: mergesort
Command: "/home/pcsdocker/Data/Es_PCS_26/ESERCITAZIONE5/BUILD_ES5_RELEASE/test_mergesort"
Directory: /home/pcsdocker/Data/Es_PCS_26/ESERCITAZIONE5/BUILD_ES5_RELEASE
"mergesort" start time: May 04 10:21 UTC
Output:
----------------------------------------------------------
<end of output>
Test time =   0.24 sec
----------------------------------------------------------
Test Passed.
"mergesort" end time: May 04 10:21 UTC
"mergesort" time elapsed: 00:00:00
----------------------------------------------------------

5/5 Testing: quicksort
5/5 Test: quicksort
Command: "/home/pcsdocker/Data/Es_PCS_26/ESERCITAZIONE5/BUILD_ES5_RELEASE/test_quicksort"
Directory: /home/pcsdocker/Data/Es_PCS_26/ESERCITAZIONE5/BUILD_ES5_RELEASE
"quicksort" start time: May 04 10:21 UTC
Output:
----------------------------------------------------------
<end of output>
Test time =   0.15 sec
----------------------------------------------------------
Test Passed.
"quicksort" end time: May 04 10:21 UTC
"quicksort" time elapsed: 00:00:00
----------------------------------------------------------

End testing: May 04 10:21 UTC
